<?xml version="1.0" encoding="UTF-8"?>
<!-- Generated by org.testng.reporters.JUnitReportReporter -->
<testsuite skipped="0" hostname="macmini440" name="LoginTest" tests="2" failures="0" timestamp="17 Jul 2018 12:59:10 GMT" time="53.992" errors="0">
  <testcase name="getRoute" time="30.229" classname="LoginTest"/>
  <testcase name="Login" time="23.763" classname="LoginTest"/>
</testsuite> <!-- LoginTest -->
