<?xml version="1.0" encoding="UTF-8"?>
<!-- Generated by org.testng.reporters.JUnitReportReporter -->
<testsuite skipped="0" hostname="macmini440" name="tests.AppCommands" tests="1" failures="0" timestamp="25 Jul 2018 10:21:31 GMT" time="41.672" errors="0">
  <testcase name="manipulationWithApp" time="41.672" classname="tests.AppCommands"/>
</testsuite> <!-- tests.AppCommands -->
