<?xml version="1.0" encoding="UTF-8"?>
<!-- Generated by org.testng.reporters.JUnitReportReporter -->
<testsuite skipped="0" hostname="macmini440" name="tests.LoginTest" tests="1" failures="0" timestamp="01 Aug 2018 13:33:51 GMT" time="31.339" errors="0">
  <testcase name="Login" time="31.339" classname="tests.LoginTest"/>
</testsuite> <!-- tests.LoginTest -->
