<?xml version="1.0" encoding="UTF-8"?>
<!-- Generated by org.testng.reporters.JUnitReportReporter -->
<testsuite skipped="0" hostname="macmini440" name="tests.BaseTest" tests="1" failures="0" timestamp="03 Aug 2018 13:08:51 GMT" time="56.623" errors="0">
  <testcase name="Setup" time="56.623" classname="tests.BaseTest"/>
</testsuite> <!-- tests.BaseTest -->
